<?xml version="1.0" encoding="UTF-8"?>
<!-- Generated by org.testng.reporters.JUnitXMLReporter -->
<testsuite ignored="4" hostname="mingdeAir" failures="0" tests="5" name="Android" time="105.254" errors="0" timestamp="2025-11-24T20:38:32 HKT">
  <testcase classname="com.qa.tests.LoginTest" name="invalidPassword" time="14.201"/>
  <testcase classname="com.qa.tests.LoginTest" name="invalidUserName" time="9.377"/>
  <testcase classname="com.qa.tests.LoginTest" name="validLogin" time="10.095"/>
  <testcase classname="com.qa.tests.ProductTest" name="validProductOnProductDetailPage" time="13.975"/>
  <testcase classname="com.qa.tests.ProductTest" name="validProductOnProductPage" time="7.812"/>
  <testcase classname="com.qa.BaseTest" name="@BeforeSuite beforeSuite" time="0.0">
    <ignored/>
  </testcase> <!-- @BeforeSuite beforeSuite -->
  <testcase classname="com.qa.BaseTest" name="@AfterSuite afterSuite" time="0.0">
    <ignored/>
  </testcase> <!-- @AfterSuite afterSuite -->
  <testcase classname="com.qa.BaseTest" name="@AfterTest afterTest" time="0.0">
    <ignored/>
  </testcase> <!-- @AfterTest afterTest -->
  <testcase classname="com.qa.BaseTest" name="@BeforeTest beforeTest" time="0.0">
    <ignored/>
  </testcase> <!-- @BeforeTest beforeTest -->
</testsuite> <!-- Android -->
