<?xml version="1.0" encoding="UTF-8"?>
<!-- Generated by org.testng.reporters.JUnitXMLReporter -->
<testsuite ignored="2" hostname="mingdeMacBook-Air.local" failures="0" tests="5" name="Real-iOS" time="0.235" errors="0" timestamp="2025-10-20T20:05:01 HKT">
  <testcase classname="com.qa.tests.LoginTest" name="invalidPassword" time="0.0">
    <skipped/>
  </testcase> <!-- invalidPassword -->
  <testcase classname="com.qa.tests.LoginTest" name="invalidUserName" time="0.0">
    <skipped/>
  </testcase> <!-- invalidUserName -->
  <testcase classname="com.qa.tests.LoginTest" name="validLogin" time="0.0">
    <skipped/>
  </testcase> <!-- validLogin -->
  <testcase classname="com.qa.tests.ProductTest" name="validProductOnProductPage" time="0.0">
    <skipped/>
  </testcase> <!-- validProductOnProductPage -->
  <testcase classname="com.qa.tests.ProductTest" name="validProductOnProductDetailPage" time="0.0">
    <skipped/>
  </testcase> <!-- validProductOnProductDetailPage -->
  <testcase classname="com.qa.BaseTest" name="@AfterTest afterTest" time="0.0">
    <ignored/>
  </testcase> <!-- @AfterTest afterTest -->
  <testcase classname="com.qa.BaseTest" name="@BeforeTest beforeTest" time="0.0">
    <ignored/>
  </testcase> <!-- @BeforeTest beforeTest -->
</testsuite> <!-- Real-iOS -->
