<?xml version="1.0" encoding="UTF-8"?>
<testng-results ignored="0" total="2" passed="2" failed="0" skipped="0">
  <reporter-output>
  </reporter-output>
  <suite started-at="2026-01-17T15:32:30 HKT" name="All Test Suite" finished-at="2026-01-17T15:33:17 HKT" duration-ms="46708">
    <groups>
    </groups>
    <test started-at="2026-01-17T15:32:30 HKT" name="Android" finished-at="2026-01-17T15:33:17 HKT" duration-ms="46708">
      <class name="com.qa.tests.ProductTest">
        <test-method is-config="true" signature="beforeSuite()[pri:0, instance:com.qa.tests.ProductTest@545b995e]" started-at="2026-01-17T15:32:30 HKT" name="beforeSuite" finished-at="2026-01-17T15:32:30 HKT" duration-ms="587" status="PASS">
          <reporter-output>
          </reporter-output>
        </test-method> <!-- beforeSuite -->
        <test-method is-config="true" signature="beforeTest(java.lang.String,java.lang.String,java.lang.String,java.lang.String,java.lang.String,java.lang.String,java.lang.String)[pri:0, instance:com.qa.tests.ProductTest@545b995e]" started-at="2026-01-17T15:32:30 HKT" name="beforeTest" finished-at="2026-01-17T15:32:43 HKT" duration-ms="13036" status="PASS">
          <params>
            <param index="0">
              <value>
                <![CDATA[true]]>
              </value>
            </param>
            <param index="1">
              <value>
                <![CDATA[Android]]>
              </value>
            </param>
            <param index="2">
              <value>
                <![CDATA[emulator-5554]]>
              </value>
            </param>
            <param index="3">
              <value>
                <![CDATA[Pixel_5]]>
              </value>
            </param>
            <param index="4">
              <value>
                <![CDATA[androidOnly]]>
              </value>
            </param>
            <param index="5">
              <value>
                <![CDATA[10001]]>
              </value>
            </param>
            <param index="6">
              <value>
                <![CDATA[11002]]>
              </value>
            </param>
          </params>
          <reporter-output>
          </reporter-output>
        </test-method> <!-- beforeTest -->
        <test-method is-config="true" signature="beforeClass()[pri:0, instance:com.qa.tests.ProductTest@545b995e]" started-at="2026-01-17T15:32:43 HKT" name="beforeClass" finished-at="2026-01-17T15:32:43 HKT" duration-ms="10" status="PASS">
          <reporter-output>
          </reporter-output>
        </test-method> <!-- beforeClass -->
        <test-method is-config="true" signature="beforeMethod()[pri:0, instance:com.qa.tests.ProductTest@545b995e]" started-at="2026-01-17T15:32:43 HKT" name="beforeMethod" finished-at="2026-01-17T15:32:45 HKT" duration-ms="1409" status="PASS">
          <reporter-output>
          </reporter-output>
        </test-method> <!-- beforeMethod -->
        <test-method is-config="true" signature="beforeMethod(java.lang.reflect.Method)[pri:0, instance:com.qa.tests.ProductTest@545b995e]" started-at="2026-01-17T15:32:45 HKT" name="beforeMethod" finished-at="2026-01-17T15:32:49 HKT" duration-ms="4713" status="PASS">
          <params>
            <param index="0">
              <value>
                <![CDATA[public void com.qa.tests.ProductTest.validProductOnProductDetailPage()]]>
              </value>
            </param>
          </params>
          <reporter-output>
          </reporter-output>
        </test-method> <!-- beforeMethod -->
        <test-method signature="validProductOnProductDetailPage()[pri:0, instance:com.qa.tests.ProductTest@545b995e]" started-at="2026-01-17T15:32:49 HKT" name="validProductOnProductDetailPage" finished-at="2026-01-17T15:33:04 HKT" duration-ms="14449" status="PASS">
          <reporter-output>
          </reporter-output>
        </test-method> <!-- validProductOnProductDetailPage -->
        <test-method is-config="true" signature="afterMethod(org.testng.ITestResult)[pri:0, instance:com.qa.tests.ProductTest@545b995e]" started-at="2026-01-17T15:33:04 HKT" name="afterMethod" finished-at="2026-01-17T15:33:06 HKT" duration-ms="2407" status="PASS">
          <params>
            <param index="0">
              <value>
                <![CDATA[[TestResult name=validProductOnProductDetailPage status=SUCCESS method=ProductTest.validProductOnProductDetailPage()[pri:0, instance:com.qa.tests.ProductTest@545b995e] output={null}]]]>
              </value>
            </param>
          </params>
          <reporter-output>
          </reporter-output>
        </test-method> <!-- afterMethod -->
        <test-method is-config="true" signature="beforeMethod()[pri:0, instance:com.qa.tests.ProductTest@545b995e]" started-at="2026-01-17T15:33:06 HKT" name="beforeMethod" finished-at="2026-01-17T15:33:07 HKT" duration-ms="529" status="PASS">
          <reporter-output>
          </reporter-output>
        </test-method> <!-- beforeMethod -->
        <test-method is-config="true" signature="beforeMethod(java.lang.reflect.Method)[pri:0, instance:com.qa.tests.ProductTest@545b995e]" started-at="2026-01-17T15:33:07 HKT" name="beforeMethod" finished-at="2026-01-17T15:33:08 HKT" duration-ms="1626" status="PASS">
          <params>
            <param index="0">
              <value>
                <![CDATA[public void com.qa.tests.ProductTest.validProductOnProductPage()]]>
              </value>
            </param>
          </params>
          <reporter-output>
          </reporter-output>
        </test-method> <!-- beforeMethod -->
        <test-method signature="validProductOnProductPage()[pri:0, instance:com.qa.tests.ProductTest@545b995e]" started-at="2026-01-17T15:33:08 HKT" name="validProductOnProductPage" finished-at="2026-01-17T15:33:15 HKT" duration-ms="6478" status="PASS">
          <reporter-output>
          </reporter-output>
        </test-method> <!-- validProductOnProductPage -->
        <test-method is-config="true" signature="afterMethod(org.testng.ITestResult)[pri:0, instance:com.qa.tests.ProductTest@545b995e]" started-at="2026-01-17T15:33:15 HKT" name="afterMethod" finished-at="2026-01-17T15:33:16 HKT" duration-ms="1195" status="PASS">
          <params>
            <param index="0">
              <value>
                <![CDATA[[TestResult name=validProductOnProductPage status=SUCCESS method=ProductTest.validProductOnProductPage()[pri:0, instance:com.qa.tests.ProductTest@545b995e] output={null}]]]>
              </value>
            </param>
          </params>
          <reporter-output>
          </reporter-output>
        </test-method> <!-- afterMethod -->
        <test-method is-config="true" signature="afterTest()[pri:0, instance:com.qa.tests.ProductTest@545b995e]" started-at="2026-01-17T15:33:16 HKT" name="afterTest" finished-at="2026-01-17T15:33:17 HKT" duration-ms="722" status="PASS">
          <reporter-output>
          </reporter-output>
        </test-method> <!-- afterTest -->
        <test-method is-config="true" signature="afterSuite()[pri:0, instance:com.qa.tests.ProductTest@545b995e]" started-at="2026-01-17T15:33:17 HKT" name="afterSuite" finished-at="2026-01-17T15:33:17 HKT" duration-ms="2" status="PASS">
          <reporter-output>
          </reporter-output>
        </test-method> <!-- afterSuite -->
      </class> <!-- com.qa.tests.ProductTest -->
    </test> <!-- Android -->
  </suite> <!-- All Test Suite -->
</testng-results>
