<?xml version="1.0" encoding="UTF-8"?>
<!-- Generated by org.testng.reporters.JUnitReportReporter -->
<testsuite hostname="mingdeAir" failures="0" tests="3" name="com.qa.tests.LoginTest" time="84.837" errors="0" timestamp="2026-01-17T15:30:13 HKT" skipped="0">
  <testcase classname="com.qa.tests.LoginTest" name="invalidPassword" time="24.379"/>
  <testcase classname="com.qa.tests.LoginTest" name="invalidUserName" time="39.994"/>
  <testcase classname="com.qa.tests.LoginTest" name="validLogin" time="20.464"/>
</testsuite> <!-- com.qa.tests.LoginTest -->
