<?xml version="1.0" encoding="UTF-8"?>
<!-- Generated by org.testng.reporters.JUnitReportReporter -->
<testsuite hostname="mingdeAir" failures="0" tests="2" name="com.qa.tests.ProductTest" time="32.806" errors="0" timestamp="2026-01-17T15:33:17 HKT" skipped="0">
  <testcase classname="com.qa.tests.ProductTest" name="validProductOnProductPage" time="12.915"/>
  <testcase classname="com.qa.tests.ProductTest" name="validProductOnProductDetailPage" time="19.891"/>
</testsuite> <!-- com.qa.tests.ProductTest -->
