<?xml version="1.0" encoding="UTF-8"?>
<!-- Generated by org.testng.reporters.JUnitReportReporter -->
<testsuite hostname="mingdeAir" failures="0" tests="6" name="com.qa.tests.LoginTest" time="98.883" errors="0" timestamp="2025-11-24T20:38:37 HKT" skipped="0">
  <testcase classname="com.qa.tests.LoginTest" name="invalidPassword" time="17.202"/>
  <testcase classname="com.qa.tests.LoginTest" name="invalidUserName" time="15.517"/>
  <testcase classname="com.qa.tests.LoginTest" name="invalidUserName" time="11.727"/>
  <testcase classname="com.qa.tests.LoginTest" name="invalidPassword" time="21.834"/>
  <testcase classname="com.qa.tests.LoginTest" name="validLogin" time="15.589"/>
  <testcase classname="com.qa.tests.LoginTest" name="validLogin" time="17.014"/>
  <system-out>
    <![CDATA[This is the sample screenshot
<a href='/Users/ming/IdeaProjects/appiumFramework/ScreenShots/ios_iPhoneSe/2025-11-24-20-36-45/ProductTest/validProductOnProductDetailPage.png'>/Users/ming/IdeaProjects/appiumFramework/ScreenShots/ios_iPhoneSe/2025-11-24-20-36-45/ProductTest/validProductOnProductDetailPage.png' height='100' width='100'/> </a>
This is the sample screenshot
<a href='/Users/ming/IdeaProjects/appiumFramework/ScreenShots/ios_iPhoneSe/2025-11-24-20-36-45/ProductTest/validProductOnProductPage.png'>/Users/ming/IdeaProjects/appiumFramework/ScreenShots/ios_iPhoneSe/2025-11-24-20-36-45/ProductTest/validProductOnProductPage.png' height='100' width='100'/> </a>]]>
  </system-out>
</testsuite> <!-- com.qa.tests.LoginTest -->
